       -0.970438        0.269131        0.758029
       -0.368485        -1.99822       -0.921102
         1.29171         1.44826        0.122899
         -1.2843        0.398307        -1.19587
        -1.28004         1.41134         1.39327
        -1.04936        -1.06122       -0.549116
        -2.09105         1.10452         1.95374
        -2.30265       -0.565394        -1.06285
        0.288964          1.0489        -1.02467
         1.08272        0.973771         2.67158
         1.68657        0.438703       -0.324682
       -0.217759        0.477588       0.0933951
       0.0347463        -0.72848        0.813096
      0.00983627         1.33979         1.24398
        -1.18414        0.558602        -1.45027
        -2.29105        0.892347       0.0772569
       -0.627188        -1.24163       -0.431898
         1.55228         1.66336       -0.249099
       -0.689296        -1.55805        -1.35504
       -0.487992        -1.26731        0.173247
       -0.044565        -2.72535         1.29687
       0.0791335        0.124846         2.39473
       -0.489683        -1.36744         1.96896
       -0.437146         1.04204       -0.488937
       -0.204425         -1.5775        0.258049
       -0.602737        -1.65061         0.84014
       -0.636017          1.7495       -0.319784
        0.301485        -0.25398        -1.61072
         1.18192       -0.201386       -0.311569
       -0.707258       -0.675156        0.831218
       -0.381609        -1.21736        0.240904
        -0.39202         1.68078       -0.834635
       0.0395341         0.50881         0.14107
         2.91296         1.03054        0.351542
       -0.418468        0.543244        -1.54055
        -0.49206       -0.772656       -0.342217
        0.877895       0.0175639         1.09199
        -0.16698        0.661654         1.30229
         1.42575         1.42132        0.241528
         -1.0013        -1.74472         1.59825
         1.87114          1.0818        0.331289
      -0.0581965        0.498386        0.677782
       -0.546959        0.826516       -0.953154
          1.3439        0.153414      -0.0243978
        0.199468        -1.17748       -0.807184
         1.72421        0.731391        0.422054
       -0.801618         1.65432        0.861186
       -0.978085       -0.115428        0.893718
       -0.011967       -0.523366        0.525707
        0.190955        -1.13342       -0.347706
        -1.35146       -0.403655        0.920982
        0.354448       -0.406165        0.113921
        0.619126       -0.788313         1.89558
       -0.206267        0.933511         -1.2837
       0.0245643       -0.261936        0.518138
          1.1914         2.12151        0.690195
        -0.25547       -0.232335        0.144464
         1.27637        0.450207        0.329163
         2.05746         0.34085      -0.0081771
       0.0813666       -0.595801       -0.480382
         2.16864        0.269132       -0.573472
       0.0198023        -1.13096       -0.919795
        -1.35246        0.166491        -1.30982
        -1.89066       -0.945486        0.512907
       0.0775468         1.98904        -1.32297
        -1.41147       -0.295082       -0.444943
       -0.785351        0.720858       -0.871529
       -0.115687        0.412662        -1.02732
         0.71179        0.327786       -0.664033
        -0.52518        0.173966         1.88399
       0.0788808         1.42374        -0.53026
        -1.42748         5.38462         1.03652
         1.05269       -0.229636      -0.0842834
        0.940911        -1.54341       -0.870189
          0.1505        0.515227        -1.17671
         1.43088        -1.84875       0.0743516
         2.37231        -2.16121        -1.18403
        0.355931       -0.470124         1.68823
       -0.235338       0.0262916       -0.448741
        0.464595        0.010172        -2.39805
        0.300428        0.793561         1.33925
         0.26053       -0.633106        0.641384
        -1.73126         2.14866       -0.541094
        -0.19028        -1.55922        0.286428
        -1.37068       -0.423969          0.1205
       -0.290454        0.581323       -0.309366
       -0.270928        0.328468        0.269944
         1.63336       -0.867383         0.60941
        0.731729      -0.0684766        -1.18287
       -0.473231        -1.33481        0.881545
        0.539258        0.745344        -2.64468
        0.913944        -2.47744        -2.58462
      -0.0915128       -0.122658        -1.52026
         1.40279        -0.57164        0.198189
      -0.0189893       -0.277426       -0.912337
        0.477077       -0.664373        -1.14843
        -1.19756         1.56602       0.0463786
        -0.35823        0.299162        0.033808
         0.83832        0.190266         2.03245
        0.320823        0.800523        0.773265
        0.258628      -0.0366114       0.0986691
        -2.03823        0.353077       -0.614013
        0.238476      -0.0368663       -0.198023
         2.35218        0.299157         1.22938
       -0.736429       -0.104365       -0.845852
        -2.51706        -1.47313       -0.981943
       -0.915148       -0.558405        -0.00417
         1.17972        -3.04346         1.29272
