        -2.07443       -0.510333         1.41131
        0.866603         1.25746         1.33496
        -1.75396         -0.4919       -0.762724
        -1.94365        0.712819       -0.314089
      -0.0462601        0.593361       -0.445244
         1.94163         1.26906        0.996908
        -1.25208       -0.210121         1.49916
        -1.46408        0.362121       -0.995806
       -0.571587        -2.63358        0.368247
       0.0122536       0.0349804       -0.398437
        0.113732         0.78447        0.360717
        -1.18245        -0.13878        0.126606
       0.0197988         2.48264       -0.107627
        0.163185        0.138658         1.94225
        0.286895        0.403033       0.0475405
      -0.0179606       -0.388184        0.359119
        0.237424       -0.879524        -0.40747
         0.78919        -1.11281         1.88277
        0.470572       -0.255029       -0.146477
        0.589822        -0.43125        0.782972
        0.805964       -0.712468        0.337931
        -1.26317         1.11291        -1.09963
       -0.351864       -0.909719        -1.76672
       -0.371768        0.425113         2.57163
       -0.363945       -0.668673      -0.0914291
         2.28465       -0.646844        0.493977
         2.89839       -0.459956        0.302648
       0.0112741        0.485174       -0.163717
        0.652302          2.0065         1.44843
       -0.776291        0.187071       -0.650885
         1.16979        -2.97086       -0.422654
        -1.15893        -1.70674       -0.903112
         1.77731        0.254757          -0.841
        0.503354       -0.414285       -0.184684
         -1.8223        -1.49401         0.43893
        -1.90683         1.86229       -0.110374
      -0.0673017         1.04471         1.17285
       -0.499024       -0.581384       -0.389701
       -0.997742        -1.29984        -2.19265
       -0.154001       -0.226145       -0.253826
          1.0802         1.59204       -0.185411
       0.0731051        0.378606        0.541109
         1.17272         1.70318        -1.96574
       -0.915349        -1.66321         1.24051
        0.606446        0.665946       -0.489127
        0.564478         1.05458       -0.296479
        0.407003        -2.12651        -1.30601
         1.29945         1.06775        -1.51886
         0.49644        -1.33451        0.539491
        -1.65969         1.27117       0.0564171
         1.96599       -0.486728        0.190025
        0.705576       -0.109942        -1.34628
         1.70161          1.7093          1.7363
        -1.67718         -1.1084           1.601
        0.810918       -0.136201        -1.32789
       -0.447962       -0.798441        0.913761
        0.628581        0.525324      -0.0872694
         -1.1109         -1.2332         1.02881
       -0.546583       0.0314969         1.22393
        -0.98378       -0.729718        -1.59471
        0.792339      -0.0888087          1.7474
         1.11611       -0.853887         1.74772
       -0.769116        0.924323        -1.86486
       -0.655837       -0.997486         1.53071
       -0.848775        0.544312        -1.80476
         1.76305        0.383064         1.18292
         0.68573       -0.217926        0.232643
        0.882625        0.324743       0.0940008
        0.283222        0.340446        -1.87657
        -0.30763       -0.715779       -0.316584
       0.0955542        -1.61081        0.256354
         1.67836        -1.23997        -1.85342
        0.944823        0.828535        -1.18669
        -1.34886        -1.06439      -0.0715124
        0.258046        0.128711        -1.34169
        -2.21634       -0.185779          1.4331
        0.422059        0.673468        0.513938
      -0.0949075        0.201643       -0.907925
          0.3495        0.288007        -1.70934
        -1.45008       -0.968847       -0.267968
         0.50318        0.663541        -1.50921
      -0.0329544        0.142401       -0.767599
         2.75373        0.971701        0.114886
        -2.16817        0.254966        -2.01255
        0.228747        -1.73497        0.856896
        -2.35742        0.877194         1.26642
       -0.385467       -0.082326       -0.756594
         1.23476        0.535017        0.169966
         1.71161         1.15637        0.238772
        0.706286        0.805093        0.189829
       -0.862606       -0.683558         1.63661
      -0.0422909         -1.5702        0.435054
        0.880899        0.550343        -0.27874
       -0.053619         1.92309       -0.282014
         0.41062       -0.524999       -0.262536
        0.330684         1.23642         -1.9296
         -1.2619       -0.754444        0.280426
       -0.439335         0.10332        0.582569
       -0.487004       -0.735892         2.78463
        -0.43081        0.615435       -0.713502
        -1.36391         2.02384        0.442235
        0.406883        -0.33364       -0.319573
       -0.546004        0.106437         0.81524
         2.45745        0.998941        0.454349
        0.232877        0.100556      -0.0224655
       -0.574125       -0.370535       -0.967651
        -1.05271        0.179194        0.386113
        -1.10489        0.305934       -0.553702
