1.89041
1.43384
1.7288
2.1052
2.04799
1.96448
2.01778
1.31095
1.07864
1.96905
2.12508
1.83803
1.83884
2.2399
1.17651
1.05121
1.91416
2.37213
2.16271
2.31288
1.99916
1.0807
2.33433
2.28297
1.9901
1.80637
2.1074
1.83913
1.12005
1.87129
2.38191
2.13446
1.64452
2.26738
1.17104
1.91218
1.54083
2.10009
1.56031
2.00275
1.60797
1.21864
1.12427
2.18086
2.28319
2.15589
2.04925
1.993
1.80365
1.23264
2.08421
1.10655
2.14762
2.00788
2.38335
2.21152
2.18946
1.19169
1.69333
1.24393
1.41014
2.31007
2.47117
2.47695
2.37704
1.98976
0.97873
2.0417
2.21918
1.65162
2.06388
1.8347
1.07145
2.15822
2.39443
2.12536
2.41303
2.38361
2.0701
2.49113
2.24361
1.79331
1.75952
2.23842
1.52027
1.19273
1.21226
2.34212
1.07161
1.81342
1.70676
2.17974
2.24787
2.3848
1.36617
2.49058
1.80087
1.12465
2.13729
2.44041
2.46351
2.20748
2.1019
2.38497
1.85874
2.00601
2.15879
1.16244
1.55958
1.30071
1.26533
2.31603
1.93664
2.18304
2.04008
2.40964
2.44714
1.16801
2.19681
1.92968
2.40413
2.14751
1.26944
2.25888
1.17035
1.11782
1.83357
2.31365
2.43951
2.37918
2.08948
1.31457
2.14534
2.00782
1.51728
2.32165
2.2299
1.89203
2.49465
1.83076
2.38821
2.37646
1.23593
1.98934
2.27353
1.40578
1.07343
1.42973
2.30929
2.03278
2.49983
1.99462
1.9256
2.32471
2.293
1.62647
1.12721
1.63832
2.45882
2.24222
1.76558
2.43984
1.88485
2.04604
2.39948
1.93214
2.05742
1.94963
1.10346
2.12686
2.24599
1.62966
1.27766
1.13121
1.10367
1.0929
1.29573
1.09629
2.0603
1.11207
1.80135
2.06643
1.89933
1.78958
1.14048
2.28268
2.2395
2.10562
1.79478
1.22802
1.87168
2.10534
1.93427
2.17025
2.44783
1.59812
2.30944
2.37851
2.15625
2.28661
2.44002
1.91842
1.10596
1.10238
1.15089
1.70764
1.99268
2.46678
2.42355
2.20615
2.43312
2.22629
1.82722
1.27662
1.90804
2.19934
1.10854
1.10807
2.32453
1.95253
1.77391
1.99799
1.78721
2.45201
2.1827
2.36314
1.84149
1.76027
2.20234
2.22896
2.34692
2.25309
1.68373
1.8963
2.17438
1.39632
2.18798
2.495
1.08377
1.06779
2.26174
2.33393
2.35156
2.10195
2.34193
1.79977
1.8667
2.08104
1.95878
2.31878
1.62238
1.91245
1.28573
1.08802
1.40536
2.47153
1.8009
2.32761
2.28235
2.29988
1.24804
2.37294
2.12082
2.37339
2.45027
1.42279
2.35654
1.5139
1.72966
1.83059
2.33589
1.94946
2.14135
1.96114
2.03633
2.07266
2.47882
1.02474
1.29197
2.06073
1.93663
1.79771
1.02508
1.18189
2.2829
2.49303
1.15092
2.31593
1.32653
1.04177
2.1634
1.81713
1.76695
2.25883
2.4419
1.61434
2.41581
2.07519
1.38398
1.66275
1.54172
1.17961
2.46796
2.3162
2.00038
2.34636
1.35205
2.17569
2.20951
1.90632
2.0894
1.83596
2.34159
1.71638
2.46761
2.00314
1.48771
2.48765
2.46615
2.12843
1.31511
1.95585
2.13389
2.13104
1.40313
1.91913
2.26728
1.40269
2.47728
2.24215
1.12604
1.25566
1.86194
2.41208
2.37654
2.22864
2.17872
2.04076
1.3006
2.0165
2.21104
2.41328
2.45509
2.00576
1.23029
2.45949
1.96588
1.17073
1.09205
1.57096
1.37648
1.7898
2.02496
2.35043
2.30142
2.14911
2.32446
1.25503
1.54125
1.36815
1.96057
1.77019
1.18113
2.43452
2.22261
2.15684
2.02338
2.29855
1.03268
2.17822
2.27613
2.41469
2.00987
1.9115
1.24626
1.71981
2.29133
2.3516
2.46715
1.81863
1.75869
2.44084
2.20319
1.92764
2.21073
2.34003
2.29517
2.25121
1.93078
2.2574
1.81786
1.09371
1.91585
2.06874
2.39868
2.37103
2.32526
1.75415
2.18316
2.44782
1.69845
1.57384
2.08116
2.41445
1.16503
2.08827
2.40505
2.4428
2.42362
2.36244
2.33577
2.21653
2.18465
2.16693
1.94304
1.94827
2.10984
1.53285
1.14334
1.03613
1.41683
2.35747
1.91129
1.25792
1.75132
1.87453
1.95583
2.21511
2.35305
2.09926
1.93327
1.37971
2.09016
2.11786
1.44876
1.06976
1.39111
1.64772
2.19702
1.74732
2.23465
2.26833
2.45082
2.10099
2.21103
1.33198
1.72234
2.07793
2.19517
1.99837
1.98664
1.54114
1.84768
2.12983
2.31132
1.94973
2.24142
1.95842
2.46044
2.43522
2.25367
2.01275
1.72564
1.75236
2.08735
2.02868
1.82583
1.11837
1.06835
2.44317
2.12511
2.0289
2.0655
2.22272
1.92666
2.35371
2.44068
1.83048
1.91693
1.17193
2.23143
2.0339
2.33667
1.81017
1.20423
1.1807
1.84924
2.28327
2.42482
2.38212
2.45973
2.29651
2.26805
2.35694
2.33456
1.04348
2.14505
1.31143
1.57425
1.88045
2.47841
1.06122
1.72883
2.01073
2.05419
2.33545
2.26739
1.86474
1.77819
2.0769
2.37271
2.01205
2.42579
1.37145
1.99636
2.32604
1.75545
2.1792
2.30556
1.97929
1.9374
2.27078
2.25474
2.48056
1.79078
1.66591
1.8447
2.2174
2.07227
2.40256
2.43955
1.18158
1.06826
1.1878
1.31992
1.41839
1.70789
2.40693
1.49648
1.40725
2.15788
2.31736
2.32386
2.17472
2.11189
2.37751
2.46527
1.96762
2.00987
1.11277
1.34442
1.18419
2.12973
2.47841
2.13955
1.98473
1.93242
2.05416
2.44877
2.19705
2.43218
2.18871
1.77969
1.88282
1.83571
1.07041
2.38848
2.30764
1.11
1.14421
1.79629
1.78132
1.43285
2.2489
1.87775
2.47189
1.89639
2.44839
2.34049
1.68121
1.74299
2.22175
1.83462
2.2645
1.49133
2.2011
2.18201
1.03783
2.1477
1.76687
2.05719
1.79158
2.20945
1.77006
2.01303
2.32313
2.32232
2.17161
1.10472
1.94702
1.06945
2.12457
2.39809
2.00253
2.49824
2.14861
2.45142
2.03866
1.1863
2.20901
1.03512
1.05274
1.04462
1.82505
2.42823
2.36792
1.23526
1.89261
0.989244
1.51689
1.81125
1.93292
1.04398
2.12289
2.21843
2.42355
2.38552
1.41712
2.47469
2.14254
2.01573
1.68589
1.99696
2.0758
1.99734
2.28741
2.01211
1.09734
2.00533
2.00163
1.96919
2.01444
2.30393
1.98793
1.87141
1.15619
2.43393
2.22746
2.44797
1.46909
1.89289
2.40488
1.33276
1.99269
1.82365
1.5411
2.0182
1.4196
2.07307
2.24762
1.73904
1.84419
1.11705
2.15503
1.04435
1.70129
2.15561
1.89961
1.91081
1.45823
1.76358
2.48017
1.90774
1.19277
1.90111
2.14953
2.47173
2.3585
1.14015
1.22108
1.54214
1.34652
2.48871
1.90793
2.07859
2.01831
2.10595
2.24888
2.17386
2.16886
2.07159
1.06161
2.22668
1.77531
2.45882
2.37344
2.10298
1.8009
2.29691
2.37846
2.2647
1.21134
2.36241
1.61401
1.15988
1.40966
2.29562
2.03018
1.88208
1.9309
2.20615
1.94906
2.03429
2.05051
1.91374
1.14697
2.03061
2.37567
2.49723
2.37183
2.36391
1.11741
1.9633
1.91472
2.12862
2.06742
1.53194
2.40125
1.50384
1.10446
2.45952
1.06182
1.69279
2.11194
2.476
2.42612
1.76743
2.42109
1.94672
2.05539
2.2142
2.23049
2.43307
1.16906
2.28062
2.41544
2.35596
1.52501
1.54125
2.08799
2.01876
1.07472
1.54267
2.16767
1.59466
2.27407
2.17768
2.20765
2.20996
2.13669
2.38505
2.28678
2.23833
1.87853
1.91811
2.46269
1.29323
1.77129
1.79607
2.45438
1.59421
2.07631
1.83515
1.28891
2.15729
1.11195
1.40334
1.40475
1.73722
1.15024
2.29051
1.80929
1.99479
1.69225
2.15348
1.05484
2.067
1.30972
1.66526
1.22088
2.05456
1.81907
2.20308
1.17503
2.34952
1.85804
1.52441
1.12844
1.20503
2.01566
1.42505
1.96886
1.38709
2.45206
2.23603
2.38666
2.24935
2.24343
1.6965
2.09556
1.30561
1.82196
1.72562
2.4913
1.05633
2.02096
1.9401
1.47585
2.32743
2.22461
2.35991
2.00105
1.69473
1.9748
2.44751
1.88747
1.12665
1.22131
2.30325
1.31275
1.8716
1.20036
2.29526
2.28816
2.03874
2.35199
1.66105
2.21163
2.24295
2.03974
2.16909
1.25541
1.63733
2.42914
1.96615
1.70138
1.02478
1.11888
1.02247
1.65437
2.41115
1.36461
1.69963
1.33669
1.69914
1.89663
2.05467
2.22162
1.94273
2.26571
2.49921
2.39265
1.41814
2.27876
2.42368
2.12323
2.34633
1.3352
2.49872
2.27173
1.94019
2.09396
2.17866
1.31304
2.15778
1.14803
1.31366
2.03623
1.74657
2.36631
2.43267
1.14615
2.19153
2.13621
1.77105
2.37964
2.48372
1.51896
2.3117
1.51012
2.31716
1.26098
1.52174
1.88567
1.33884
1.43448
2.07797
1.82695
1.1525
2.39646
1.64685
2.39867
1.73756
2.4696
2.38671
2.19132
2.32364
1.98905
2.40659
2.42125
2.39173
2.46489
2.45412
2.24606
1.89887
2.35325
2.07204
2.349
2.20426
1.90268
1.18246
1.78459
2.28854
2.27307
1.48483
1.74591
1.87938
2.48316
2.41529
1.9892
2.14945
1.11412
2.40066
2.21508
2.44544
2.31454
2.27339
1.82457
2.09256
2.16895
2.26097
1.22789
2.16174
1.95076
2.2727
1.92487
2.07212
1.51842
1.37131
2.07925
1.13547
1.10534
2.09945
1.06835
2.14964
2.03166
1.94315
1.1157
1.20551
1.34781
1.31361
1.10252
1.96206
2.26011
2.42467
1.07975
1.7122
2.08499
1.45029
2.41663
2.19705
2.1984
1.27021
2.19858
2.10879
2.02955
2.37839
2.17033
2.41324
1.8969
1.45878
2.45081
1.77976
2.2562
1.20234
1.98182
2.46821
1.95745
1.72751
1.14187
1.91103
2.38963
2.26062
2.28753
2.01686
2.17622
1.46155
2.29177
2.13119
1.11945
1.02443
2.24287
1.269
1.90603
2.32507
2.46452
2.27007
1.22344
1.36083
2.02783
2.22823
2.22722
2.20568
1.6087
1.80587
1.92849
1.98085
2.061
1.30782
2.03154
2.344
2.19895
2.30465
2.06746
2.35909
1.55691
1.83471
2.06276
1.95854
1.35401
2.11537
2.15497
2.2261
2.41272
1.71102
1.82884
1.95785
1.14914
2.37852
2.23269
2.09405
2.10736
2.42091
2.45684
2.48338
1.58638
1.07598
1.20555
1.5909
2.31631
1.91366
2.26714
1.94504
1.20097
1.28013
2.09291
2.26818
1.94911
2.24665
1.12567
1.2651
2.03544
1.99305
2.33497
2.43429
2.10076
2.13033
2.34277
2.15235
1.5983
2.46367
2.2671
2.20682
2.4179
1.05123
2.49423
2.10057
1.37544
2.13062
2.01157
2.10878
2.10155
2.38166
1.80806
2.2227
2.24617
2.16454
2.4986
2.22366
2.49434
2.07069
1.80747
2.14638
1.64679
2.37668
2.12431
2.15476
2.01624
1.35249
1.08968
1.15565
2.11475
2.47623
2.35618
2.07015
2.15802
1.10819
1.86845
1.21654
1.02384
1.79363
2.08722
1.24868
1.62827
2.42204
2.26629
2.10945
1.98413
1.49387
1.03728
1.19668
1.89632
2.20601
1.90863
2.34228
1.42027
2.4784
2.06407
2.09395
2.2707
1.95523
2.24527
2.39555
2.11095
2.27609
2.14471
2.49311
2.01395
2.31117
1.63648
2.46728
2.04565
1.43043
2.13917
2.45831
1.90715
2.25964
1.99378
2.47805
2.04437
1.22707
1.16932
1.92387
1.25069
2.38265
2.15993
1.09311
2.13253
1.95009
2.49461
1.81414
1.25453
1.84413
1.13296
1.21757
1.2988
2.12828
2.18491
2.11153
2.197
2.26244
1.82961
2.29012
1.80307
2.34376
2.23787
2.4098
1.9372
1.06881
1.08751
2.30275
1.67053
1.77993
1.25414
1.69092
1.99899
2.25443
1.5751
2.08795
2.17943
1.993
2.08587
0.987746
1.10666
1.11679
2.29622
1.99271
2.21858
2.49354
1.11884
1.63163
2.44615
1.47364
2.31591
2.38367
2.37057
2.08081
0.993316
2.41965
2.07149
1.78121
1.69299
1.12173
1.7112
2.23965
1.41335
1.9686
2.15502
1.18263
2.44992
2.47786
2.21385
2.43663
2.49373
2.13796
1.79139
2.29768
1.14796
1.85739
2.41077
2.1479
2.44226
2.19008
1.67265
1.98822
2.3971
1.18262
1.94371
2.02077
2.05428
2.35316
1.43742
2.10838
1.93813
1.92509
2.06123
2.37505
1.94893
2.11798
2.19672
1.83313
2.46396
1.94771
2.09389
2.18383
1.92204
2.47188
1.0688
1.81286
1.08235
1.84897
1.5477
1.53781
2.10662
2.4665
1.96592
2.45674
1.91013
1.91641
2.47328
1.46769
2.49086
2.21775
1.26426
2.46716
2.22877
2.11602
2.14134
1.55173
2.49332
1.93295
2.4465
2.44576
2.39577
1.88982
2.124
2.20281
1.09785
1.89253
2.2291
2.17165
2.4601
2.38096
1.22095
1.15108
1.49527
1.68407
1.14545
1.81391
2.31343
2.13645
1.66968
2.218
1.79826
2.09454
2.06626
2.03668
2.03679
1.64648
2.4278
2.09383
1.11387
2.03839
1.80304
2.14082
2.04688
2.11916
2.08484
2.03043
2.48212
2.44574
2.1677
1.42238
2.17805
1.4008
2.23857
1.89541
2.45522
1.26421
2.03223
2.16743
1.19679
2.16887
2.30174
1.84365
1.47025
2.39374
0.98496
1.13928
1.96573
1.09221
1.08927
1.81393
2.08284
2.2175
2.06452
2.27309
1.67634
2.06199
2.26428
2.13338
1.46852
1.88887
2.39437
2.33005
1.39145
1.133
1.7008
2.43105
2.33287
2.38227
1.90855
2.31866
2.10844
2.03876
2.00471
1.98565
2.37209
2.42779
1.908
1.29701
1.37691
2.37333
2.398
2.4752
1.3659
2.29457
2.30395
2.29054
1.27504
1.42606
2.43792
2.21902
2.39992
1.75156
2.44857
2.35793
1.66576
2.31548
1.36633
1.26067
2.06574
2.36803
2.23843
2.43001
1.87159
2.27222
2.364
1.93666
1.84403
2.00043
2.27102
2.20916
2.15452
1.80466
1.68268
1.81271
1.14402
1.14777
2.20252
2.28563
1.66658
2.21685
1.90573
2.16569
1.0102
2.23837
2.4006
2.21123
2.29132
1.10506
2.14287
2.33074
1.97416
2.08806
2.36158
2.15731
2.32023
1.88478
2.1275
2.02007
2.27373
2.37582
2.06323
2.22117
2.03894
1.6712
1.42556
2.25565
2.18978
2.49014
1.12829
2.06941
2.04251
1.92809
1.43907
1.24457
2.32113
1.04452
1.9411
1.14853
2.06141
2.38343
1.93396
1.84917
2.04554
2.17324
1.90627
2.34114
2.3064
2.20952
2.13132
2.16097
2.20921
2.20014
1.2697
1.97791
1.88394
2.19534
1.88551
2.13696
2.05103
1.7146
2.47534
2.19554
2.02293
1.87953
2.24909
2.32177
2.30623
1.25137
1.32139
1.34955
2.27195
2.27721
1.10069
1.06863
1.11673
2.38701
2.23586
2.05192
2.1419
1.9097
2.3686
1.92039
2.41058
2.2836
2.08892
2.42344
1.90885
2.35554
1.43743
2.2939
2.17037
1.61132
2.30224
2.06527
2.20272
2.03673
2.16125
1.78348
1.14327
1.85117
2.25397
2.04693
1.78698
2.27008
2.03901
1.79621
1.18623
1.87634
1.9586
1.27633
1.80566
1.11389
2.24988
2.46936
2.3824
2.30805
1.28148
2.12208
2.32438
2.05617
2.25909
2.23199
2.25703
2.4396
2.0425
2.22921
1.82963
2.15536
1.21874
1.53862
1.98209
1.09004
2.14065
2.20092
1.81582
2.31256
1.03101
1.2193
2.21
1.64673
1.12474
2.32719
1.25885
1.71746
2.45935
2.04348
1.80687
2.19943
2.10543
2.11868
2.40518
2.0162
1.60054
2.2432
2.09888
1.26621
2.48296
2.39618
1.29899
1.78354
2.31826
1.66039
2.39885
2.3675
2.18844
1.06662
2.2717
1.59371
2.13422
1.79176
2.03772
1.13362
2.04233
2.00308
2.33463
2.05835
2.45505
2.03236
1.13795
1.51995
1.69701
1.83877
1.65229
1.17497
1.10715
1.7052
2.27038
2.09507
2.24116
1.026
2.14369
2.08591
2.32125
1.7371
2.35768
1.92408
2.0604
1.90982
1.61825
1.06265
1.20639
1.29565
2.45723
1.94265
2.45267
2.26757
1.88089
2.05906
2.44011
1.86259
1.88418
2.06682
2.27132
1.11092
1.26341
1.07
1.7689
1.50873
2.45651
1.68619
2.08438
0.985995
2.0546
2.0863
1.63339
1.60445
2.34625
2.23451
2.08977
2.40047
1.82277
2.45778
1.84884
1.37718
1.88277
2.43017
1.17968
1.89928
1.23694
1.7557
2.17818
2.35586
2.20523
1.16063
1.99003
1.11198
1.2076
1.74769
1.68995
1.93087
2.21678
2.10631
1.82446
1.19016
2.25915
2.32387
2.32385
1.99478
2.23154
2.38111
1.88191
2.15413
2.23841
2.45387
2.38462
2.40745
2.48901
1.26891
1.7135
1.9539
2.2612
2.37897
1.56721
1.96386
2.34897
1.07452
1.58659
2.492
1.57822
2.23588
2.1845
2.11644
2.04786
2.03698
2.35659
1.63639
1.22535
2.05067
1.29176
1.97612
1.95106
2.08321
2.18775
1.87367
1.992
2.44398
1.21122
1.54011
2.48225
2.38001
2.43591
2.4314
2.2469
2.26343
2.15372
2.1845
2.30309
1.54253
2.26453
1.81397
2.31476
1.91147
2.43075
1.85696
2.21675
1.40323
1.95378
1.19977
1.73178
1.42223
1.13097
1.0825
1.21419
1.29757
2.29644
1.66957
2.44092
1.91097
1.07913
2.4254
1.8666
1.8314
2.06361
2.32762
1.45671
2.12643
2.41372
2.18312
1.62191
1.97694
2.25353
1.87756
2.11929
2.30188
1.99824
1.28863
1.04974
2.01231
1.07539
2.06831
2.37729
1.37387
2.38925
2.22518
2.46071
2.43342
1.98014
2.41915
2.33427
2.21259
2.04296
2.06543
2.30036
1.09613
1.11358
1.96938
2.32783
2.49132
1.87744
1.22825
2.32082
2.41515
2.0888
2.08815
2.22789
1.03397
1.98031
1.55666
1.21686
2.40282
1.46689
2.08623
2.39986
2.14618
1.94232
2.06162
1.92803
2.36433
2.24123
1.21958
2.05013
2.24584
1.59512
2.33847
1.42047
1.20207
2.35403
2.03736
1.7993
1.77344
1.80164
2.20834
1.19611
2.13329
1.66567
1.89159
2.43609
1.06338
2.07646
1.02848
1.291
1.42633
1.04675
1.57773
2.10296
1.12801
2.03619
1.11193
1.08153
1.91753
1.51255
2.1709
2.07351
2.4386
2.27378
1.71629
1.27882
1.91475
1.93389
2.2679
2.347
1.36366
2.05596
1.3456
2.49823
1.2362
2.49087
2.27871
1.96772
1.77524
2.26686
1.60519
1.8479
2.17072
1.25604
2.03471
2.47791
2.02378
1.30407
2.28394
2.49999
2.16436
2.0381
2.3889
1.30554
2.2831
2.4018
2.36514
1.94666
1.96571
1.15897
1.9177
1.18656
1.30429
1.97658
2.04275
1.15337
2.26502
1.92732
2.35803
2.40829
2.14311
2.35009
1.93722
1.92655
1.48531
2.30255
2.49253
1.92844
1.61718
2.04847
2.43374
2.01135
2.10382
1.47405
1.12726
2.39227
1.86707
2.4417
1.23222
2.02316
1.61614
1.20298
1.14839
2.49722
2.01305
2.03702
1.82795
1.30489
2.24324
2.24256
2.4697
1.82134
2.45969
1.97149
2.49666
2.14432
2.23555
2.23988
1.91106
2.20235
2.3194
1.06664
2.10723
2.21556
1.68919
1.03301
1.22369
2.32946
1.07714
2.15041
2.43527
2.48806
1.62239
1.74519
2.08416
2.15032
1.79762
1.98425
2.29961
2.40424
2.22129
2.35511
1.24819
1.11851
2.02032
1.95745
2.17463
1.43297
1.90186
2.16988
2.38044
1.9607
2.13897
1.17404
1.80254
1.67849
2.20251
2.0863
2.21188
1.7404
1.19771
2.437
2.43719
2.29962
2.49934
1.96322
2.1672
2.23066
1.53295
1.22946
2.32693
1.25837
2.1681
2.24464
1.9929
1.90301
1.97383
1.10943
2.10791
2.24417
2.21125
2.01747
2.39796
2.30938
1.98156
2.04691
2.26108
2.16663
2.45183
1.23769
2.19158
1.98206
2.2005
2.34112
1.92156
1.27042
2.08901
1.64176
2.29007
1.91129
1.13265
1.03657
1.59518
1.97159
1.18078
1.86397
1.83914
1.79668
1.14374
2.21851
1.68761
2.00485
1.75852
2.23495
1.70353
2.03998
2.18417
2.35715
2.21634
1.049
1.65029
0.992692
2.06898
2.11027
1.2909
1.9867
1.8626
1.89449
1.88167
2.35029
2.18413
2.12911
2.32054
2.16939
2.41681
2.2975
2.15704
1.43715
2.35209
1.88498
2.01159
2.48408
2.21701
1.07557
2.4055
1.04313
1.26306
2.15956
2.26023
1.04144
2.33785
1.58086
2.18261
1.04989
2.28652
1.92176
2.29096
2.33738
2.05244
1.96234
2.42183
1.8331
1.44544
2.26591
2.45695
1.29481
1.84927
2.31795
2.18429
2.3039
2.3169
1.56367
2.16749
2.04688
1.43491
1.88001
1.91626
2.40466
1.16649
2.45264
1.06755
2.41607
2.41754
2.31873
1.41026
1.97629
1.86972
2.41387
2.05445
1.08201
1.76495
2.03232
2.39227
1.85526
1.74099
2.28991
1.75989
2.10307
1.21967
1.06973
2.00577
2.09913
1.30384
2.47571
2.03998
1.95182
1.08988
1.12923
1.01442
2.3804
2.42825
2.30167
2.26305
1.46494
2.10246
2.24682
1.56562
1.3155
1.97189
1.94159
1.89768
2.26679
1.72144
1.3901
2.41039
1.83059
1.44617
2.12482
1.88093
2.05692
2.19678
2.1469
1.97722
2.1572
1.8299
1.68741
2.12681
2.18721
1.06143
1.10601
1.36834
1.96162
1.26513
2.07301
1.92081
1.76637
1.2514
1.97857
2.18034
1.91736
1.70853
2.15405
1.15587
2.25441
2.29917
2.07693
2.19556
1.06571
1.91832
2.13445
1.33886
2.38189
2.10753
2.43147
2.04365
1.86538
2.27579
2.39077
2.34752
2.18027
1.74998
1.45333
2.25017
2.01046
2.43345
2.02592
2.37871
1.44497
2.06347
2.27211
1.19912
1.67245
1.29366
1.21409
2.16188
1.96677
1.14642
2.1886
1.89251
1.38241
1.43485
1.93298
2.49568
2.13962
1.36375
2.0752
2.38771
2.43787
2.30983
1.88121
2.20123
2.29392
2.14079
1.23923
1.1447
1.71877
1.5965
1.7823
2.17783
2.27322
1.2946
1.12585
1.34981
0.993186
1.32435
2.35297
2.34323
1.99774
2.25001
2.2395
1.82254
2.47964
2.31237
2.05998
1.10152
2.1069
1.98321
2.27651
2.14822
2.39053
1.80692
2.35611
2.30339
2.21537
1.78334
1.11343
1.65886
2.22624
1.06195
1.09665
2.07204
2.16491
1.68397
1.96146
1.15431
2.20671
1.65631
1.32417
2.39595
2.08713
1.83906
1.65772
1.08544
1.13122
2.23608
2.452
2.40823
1.38661
2.3342
1.91687
1.9368
1.26515
2.34703
1.92843
2.01213
2.27385
2.2138
2.49779
2.15618
1.14943
2.37695
1.14228
2.41143
2.10276
2.02868
1.48164
1.70564
1.12046
1.01265
2.05842
2.4344
2.45258
2.3618
1.02907
1.10326
1.23382
1.5853
2.39962
1.70996
2.08636
2.37199
1.88716
2.44006
2.09871
1.41879
2.32522
1.89854
2.18394
2.43042
2.21058
1.12745
1.13858
1.02786
1.87557
2.15365
2.00108
1.38467
1.70579
2.18358
2.3223
2.1684
1.93047
2.3179
2.47561
1.62445
2.02435
2.14547
2.03276
2.28205
2.28384
2.37555
2.46446
2.22593
2.11968
1.1482
2.4432
1.49602
1.97359
2.20974
2.02187
1.76292
1.83009
1.1473
1.43164
1.00583
1.10778
2.26203
1.78413
2.38067
2.39036
2.42344
1.23915
1.45809
1.14874
1.88119
1.66911
2.16538
1.41397
2.46944
2.13212
2.28135
1.97932
1.36557
1.02805
2.49623
2.43304
1.077
2.29442
1.38996
2.39964
1.99122
2.41778
2.18102
2.495
2.44655
2.21291
2.25584
2.09884
2.24774
1.23445
1.35568
2.43982
1.79979
2.39785
1.82623
2.29537
2.42605
2.43665
2.26782
2.43517
2.27449
2.44952
2.06124
1.30463
2.37768
1.14624
2.38857
2.34788
1.15615
2.43902
2.44735
1.1476
2.2806
1.83642
2.04753
2.45187
1.98016
2.05983
2.03788
1.95923
1.86795
1.43175
2.48144
1.91763
1.56464
2.11128
1.79724
1.27957
2.44652
1.99544
2.01646
1.2212
1.7609
2.24489
1.04019
1.87315
1.12044
2.07214
2.42542
1.98854
1.09754
1.20151
1.40191
1.1328
2.31624
2.38847
1.89239
1.98133
1.09572
1.1926
1.24826
1.92172
1.1969
1.22772
2.29582
2.48249
1.93894
2.39384
1.993
2.20348
2.34078
2.15273
1.22364
2.28887
1.9731
1.0832
2.1423
2.11884
1.00388
1.19136
2.12369
1.02708
1.50045
2.47869
1.76834
1.35172
1.56512
1.38364
1.29873
1.12361
1.56706
2.2905
2.35184
2.00142
1.9921
2.46202
2.3099
2.47968
2.38516
1.59679
2.33885
2.14675
1.18108
1.06609
1.92031
2.07835
2.30551
2.26853
1.04244
2.12219
2.16242
1.97254
2.28937
1.12561
2.48992
1.2526
1.19286
1.17405
1.0902
2.08605
2.0862
1.45874
2.11986
1.29443
2.25694
1.92025
1.92208
2.48296
2.4549
2.32472
1.38932
1.90815
2.27693
2.43969
1.76235
1.27936
2.2678
1.96267
1.55263
2.32486
2.16334
2.11989
2.07317
2.15156
1.18401
2.18369
2.21887
2.15118
1.70734
2.05427
1.76285
2.1679
1.26881
1.55773
1.49057
1.02469
1.84153
2.1231
2.35471
1.31283
2.08955
1.12602
1.95648
2.24888
2.17001
1.8101
2.09565
2.32373
2.31558
1.97903
2.24744
1.99431
1.15171
2.16561
2.17624
2.27447
2.044
2.26509
2.43042
1.86872
2.05514
1.03535
1.04971
1.95891
2.08743
2.07547
2.4362
1.99687
1.83618
2.20883
2.20756
2.4086
2.40933
1.94933
1.77035
2.19575
2.18329
1.0939
2.49287
1.91967
2.16457
1.19126
1.79315
2.24239
1.97829
2.06094
2.30321
1.22654
2.41419
2.17125
2.19907
1.87656
2.38841
2.33773
2.38649
1.22041
2.15164
1.09704
1.05126
1.24881
1.33713
1.93171
1.10931
1.11998
1.26262
2.04582
2.47404
1.03427
1.92514
1.89288
1.75601
2.00202
1.4685
2.13554
2.42778
1.13243
2.11653
2.37339
1.52461
2.11337
2.18057
1.43845
1.92413
1.90749
1.18298
2.05979
2.10645
2.36283
2.02197
2.07552
2.04603
2.05136
2.49096
2.46254
1.80558
2.45267
2.21956
2.47199
2.47027
1.08483
1.9955
2.11595
1.91979
1.53765
1.14151
1.17976
1.78894
2.3917
2.11511
1.53442
2.25614
2.26536
2.28003
2.14665
2.20991
2.01898
2.44123
2.01406
1.28699
1.18309
2.14812
2.42644
2.36997
2.32514
1.13961
2.1522
1.265
2.09875
1.15816
1.8951
2.31212
2.20279
1.98655
2.06032
1.85933
1.18736
1.10165
1.28148
1.10979
1.89795
1.26264
2.00185
2.4362
2.42396
2.10611
2.01822
2.25137
1.20371
1.48197
1.98429
2.15257
1.90491
1.97321
1.28591
2.26307
1.3334
1.89702
2.47546
1.84002
2.29578
2.37644
1.35292
1.81467
2.04168
2.14898
2.3021
2.0775
2.38712
1.25494
1.2136
2.29408
2.21082
2.33899
2.40449
2.13262
1.74286
1.07747
1.17045
2.44381
1.96756
1.93993
2.11859
2.01237
1.54721
1.79767
1.8197
1.60695
2.2381
1.2741
2.43381
2.40748
1.93784
2.23883
1.40433
1.41397
1.0696
1.13212
1.19004
1.4413
1.12896
1.14346
1.66174
1.90862
2.48109
1.99058
1.4707
1.03291
2.28298
1.31231
1.14387
1.46442
2.36453
2.35563
2.24051
1.40884
2.16638
1.93645
1.04981
1.4635
1.3358
1.13942
2.27379
2.01998
1.80273
2.33709
2.01393
2.39937
1.88793
1.18638
1.195
2.04678
1.96314
2.07027
1.80592
1.01805
1.97143
1.0546
1.11283
1.96777
2.44725
1.87434
2.08168
1.88996
1.13838
1.40728
1.09167
2.11559
2.46139
2.02652
2.13135
1.83927
1.98088
1.85248
1.64183
1.23961
1.83165
1.60246
1.79048
2.02132
2.3949
2.0012
1.59084
1.2963
1.20309
1.87071
1.28656
1.72091
1.34868
2.01859
2.38125
2.47916
2.33076
1.30121
2.17882
2.46359
1.45107
2.22663
1.76419
1.8377
2.20607
1.07208
2.12978
1.30769
1.66898
1.05207
1.8799
2.18264
2.48006
1.66662
1.69838
1.34622
1.34764
1.13262
2.04722
2.13707
1.22615
