         3198.37         2383.98        -1207.95
        -3283.58        -4911.57        -4988.12
        -4432.34        -1928.45         3480.36
        -910.281         37.6784        -2164.71
         110.654        -1952.57        -312.016
         2923.07        -1987.61         3977.89
         2392.79        -2238.16         3537.82
         298.295         4345.71         3932.08
         4399.99         1514.02         2041.69
         3885.95         2386.26         596.345
         4971.04         379.547        -4338.25
        -580.419         2942.94        -4859.72
            -nan            -nan            -nan
         3209.32         80.2741        -3267.05
        -1429.61        -4429.21         4892.13
        -3669.29        -3479.63        -1462.34
         2314.67        -951.253         1557.04
        -2030.53         2978.72        -1803.06
         4162.23         4194.37         2790.03
         3074.18         -4347.8         901.394
        -3294.29         4673.63         2125.55
        -4675.44        -4256.84          3529.7
        -2116.57        -3817.63         3397.75
         3007.05        -624.538         2472.52
         -3298.8         3602.47         3528.54
         3545.34        -275.523        -1861.65
        -2118.92        -772.498        -3110.78
         2539.23        -2710.56        -2008.89
         2656.49         467.802        -4637.73
        -3514.23        -1801.27        -347.767
        -2420.86         702.331         3501.59
         2403.87        -1382.45         4544.78
           -1392        -3801.31        -883.688
        -2884.66         772.711        -323.166
         -752.84        -3132.68         1151.45
        -2560.61        -4936.34         2578.07
         -1588.5         4946.23        -1540.25
        -4758.47        -4504.87         2200.47
          1187.5         2431.07         244.852
         832.765        -1753.98         2988.26
         1304.24         -972.47         256.723
         3512.82         4655.22         4923.45
         4068.18         1689.63          2196.3
         238.582         4086.03        -1810.17
         4383.19         4793.86         305.472
         359.878        -1383.84        -4634.51
            -nan            -nan            -nan
        -4783.32         4146.79         -1488.2
        -1946.21        -3487.96        -4072.62
        -4216.51         4794.76        -339.234
